
2025/03/10 (15:59:53) | ===> btop++ v.1.4.0
2025/03/10 (15:59:53) | ERROR: No UTF-8 locale detected!
Use --utf-force argument to force start if you're sure your terminal can handle it.

2025/03/10 (16:00:18) | ===> btop++ v.1.4.0
2025/03/10 (16:00:18) | WARNING: No UTF-8 locale detected! Forcing start with --utf-force argument.
2025/03/10 (16:00:18) | WARNING: Intel GPU: Failed to initialize PMU

2025/03/10 (16:00:27) | ===> btop++ v.1.4.0
2025/03/10 (16:00:27) | ERROR: No UTF-8 locale detected!
Use --utf-force argument to force start if you're sure your terminal can handle it.

2025/03/10 (16:13:32) | ===> btop++ v.1.4.0
2025/03/10 (16:13:32) | ERROR: No UTF-8 locale detected!
Use --utf-force argument to force start if you're sure your terminal can handle it.

2025/03/10 (16:13:37) | ===> btop++ v.1.4.0
2025/03/10 (16:13:37) | WARNING: No UTF-8 locale detected! Forcing start with --utf-force argument.
2025/03/10 (16:13:37) | WARNING: Intel GPU: Failed to initialize PMU

2025/03/10 (16:14:32) | ===> btop++ v.1.4.0
2025/03/10 (16:14:32) | ERROR: No UTF-8 locale detected!
Use --utf-force argument to force start if you're sure your terminal can handle it.

2025/03/10 (23:07:41) | ===> btop++ v.1.4.0
2025/03/10 (23:07:41) | WARNING: Intel GPU: Failed to initialize PMU

2025/03/10 (23:10:21) | ===> btop++ v.1.4.0
2025/03/10 (23:10:21) | WARNING: Intel GPU: Failed to initialize PMU

2025/03/10 (23:11:41) | ===> btop++ v.1.4.0
2025/03/10 (23:11:41) | WARNING: Intel GPU: Failed to initialize PMU

2025/03/10 (23:12:56) | ===> btop++ v.1.4.0
2025/03/10 (23:12:56) | WARNING: Intel GPU: Failed to initialize PMU

2025/03/11 (01:01:26) | ===> btop++ v.1.4.0
2025/03/11 (01:01:26) | WARNING: Intel GPU: Failed to initialize PMU

2025/03/11 (21:50:51) | ===> btop++ v.1.4.0
2025/03/11 (21:50:51) | WARNING: Intel GPU: Failed to initialize PMU
